2023/04/22 Sat 10:51:34.126095 [1803 10739128][INFO] SubConverter v0.7.2 starting up..
]0;SubConverter v0.7.22023/04/22 Sat 10:51:34.126798 [1803 10739128][INFO] Reading preference settings...
2023/04/22 Sat 10:51:34.143938 [1803 10739128][INFO] Updating ruleset url 'rules/LocalAreaNetwork.list' with group 'ðŸŽ¯ å…¨çƒç›´è¿ž'.
2023/04/22 Sat 10:51:34.144052 [1803 10739128][INFO] Updating ruleset url 'rules/MSServices.list' with group 'â“‚ï¸ å¾®è½¯æœåŠ¡'.
2023/04/22 Sat 10:51:34.144172 [1803 10739128][INFO] Updating ruleset url 'rules/DivineEngine/Surge/Ruleset/Unbreak.list' with group 'ðŸŽ¯ å…¨çƒç›´è¿ž'.
2023/04/22 Sat 10:51:34.144263 [1803 10739128][INFO] Updating ruleset url 'rules/NobyDa/Surge/AdRule.list' with group 'ðŸ›‘ å…¨çƒæ‹¦æˆª'.
2023/04/22 Sat 10:51:34.144508 [1803 10739128][INFO] Updating ruleset url 'rules/DivineEngine/Surge/Ruleset/Guard/Hijacking.list' with group 'ðŸ›‘ å…¨çƒæ‹¦æˆª'.
2023/04/22 Sat 10:51:34.144603 [1803 10739128][INFO] Updating ruleset url 'rules/DivineEngine/Surge/Ruleset/StreamingMedia/Video/Netflix.list' with group 'ðŸŽ¥ NETFLIX'.
2023/04/22 Sat 10:51:34.144691 [1803 10739128][INFO] Updating ruleset url 'rules/DivineEngine/Surge/Ruleset/StreamingMedia/Streaming.list' with group 'ðŸŒ å›½å¤–åª’ä½“'.
2023/04/22 Sat 10:51:34.144784 [1803 10739128][INFO] Updating ruleset url 'rules/lhie1/Surge/Surge 3/Provider/Media/Bilibili.list' with group 'ðŸŒ å›½å†…åª’ä½“'.
2023/04/22 Sat 10:51:34.144879 [1803 10739128][INFO] Updating ruleset url 'rules/lhie1/Surge/Surge 3/Provider/Media/iQiyi.list' with group 'ðŸŒ å›½å†…åª’ä½“'.
2023/04/22 Sat 10:51:34.144961 [1803 10739128][INFO] Updating ruleset url 'rules/lhie1/Surge/Surge 3/Provider/Media/Letv.list' with group 'ðŸŒ å›½å†…åª’ä½“'.
2023/04/22 Sat 10:51:34.145040 [1803 10739128][INFO] Updating ruleset url 'rules/lhie1/Surge/Surge 3/Provider/Media/MOO.list' with group 'ðŸŒ å›½å†…åª’ä½“'.
2023/04/22 Sat 10:51:34.145118 [1803 10739128][INFO] Updating ruleset url 'rules/lhie1/Surge/Surge 3/Provider/Media/Tencent Video.list' with group 'ðŸŒ å›½å†…åª’ä½“'.
2023/04/22 Sat 10:51:34.145195 [1803 10739128][INFO] Updating ruleset url 'rules/lhie1/Surge/Surge 3/Provider/Media/Youku.list' with group 'ðŸŒ å›½å†…åª’ä½“'.
2023/04/22 Sat 10:51:34.145272 [1803 10739128][INFO] Updating ruleset url 'rules/DivineEngine/Surge/Ruleset/Extra/Telegram/Telegram.list' with group 'ðŸ“² ç”µæŠ¥ä¿¡æ¯'.
2023/04/22 Sat 10:51:34.145350 [1803 10739128][INFO] Updating ruleset url 'rules/DivineEngine/Surge/Ruleset/Global.list' with group 'ðŸ”° èŠ‚ç‚¹é€‰æ‹©'.
2023/04/22 Sat 10:51:34.145446 [1803 10739128][INFO] Updating ruleset url 'rules/DivineEngine/Surge/Ruleset/Extra/Apple/Apple.list' with group 'ðŸŽ è‹¹æžœæœåŠ¡'.
2023/04/22 Sat 10:51:34.145533 [1803 10739128][INFO] Updating ruleset url 'rules/DivineEngine/Surge/Ruleset/China.list' with group 'ðŸŽ¯ å…¨çƒç›´è¿ž'.
2023/04/22 Sat 10:51:34.145626 [1803 10739128][INFO] Updating ruleset url 'rules/NobyDa/Surge/Download.list' with group 'ðŸŽ¯ å…¨çƒç›´è¿ž'.
2023/04/22 Sat 10:51:34.145704 [1803 10739128][INFO] Adding rule 'GEOIP,CN,ðŸŽ¯ å…¨çƒç›´è¿ž'.
2023/04/22 Sat 10:51:34.145746 [1803 10739128][INFO] Adding rule 'FINAL,ðŸŸ æ¼ç½‘ä¹‹é±¼'.
2023/04/22 Sat 10:51:34.145807 [1803 10739128][INFO] Startup completed. Serving HTTP @ http://0.0.0.0:25500
2023/04/22 Sat 10:51:59.251740 [1803 140452766849848][DEBG] Accept connection from client 127.0.0.1:60714
2023/04/22 Sat 10:51:59.251794 [1803 140452766849848][VERB] handle_cmd:    GET handle_uri:    /sub?target=mixed&url=%2Fhome%2Frunner%2Fwork%2F_111_%2F_111_%2Fsub%2Frx.yaml&insert=false&emoji=true&list=true
2023/04/22 Sat 10:51:59.251836 [1803 140452766849848][INFO] Reading preference settings...
2023/04/22 Sat 10:51:59.257737 [1803 140452766849848][VERB] Imported 0 item(s).
2023/04/22 Sat 10:51:59.257789 [1803 140452766849848][VERB] Trying to import items from snippets/emoji.toml
2023/04/22 Sat 10:51:59.266809 [1803 140452766849848][VERB] Imported 85 item(s).
2023/04/22 Sat 10:51:59.266962 [1803 140452766849848][VERB] Trying to import items from snippets/groups.toml
2023/04/22 Sat 10:51:59.269175 [1803 140452766849848][VERB] Imported 13 item(s).
2023/04/22 Sat 10:51:59.269246 [1803 140452766849848][VERB] Trying to import items from snippets/rulesets.toml
2023/04/22 Sat 10:51:59.271598 [1803 140452766849848][VERB] Imported 20 item(s).
2023/04/22 Sat 10:51:59.271685 [1803 140452766849848][VERB] Imported 0 item(s).
2023/04/22 Sat 10:51:59.271944 [1803 140452766849848][VERB] Imported 0 item(s).
2023/04/22 Sat 10:51:59.272024 [1803 140452766849848][INFO] Fetching node data from url '/home/runner/work/_111_/_111_/sub/rx.yaml'.
2023/04/22 Sat 10:51:59.273304 [1803 140452766849848][VERB] Received Link.
2023/04/22 Sat 10:51:59.273344 [1803 140452766849848][VERB] Parsing configuration file data...
2023/04/22 Sat 10:51:59.276634 [1803 140452766849848][VERB] Node  TrojanProvider - ðŸ‡ºðŸ‡¸ US 1  has been added.
2023/04/22 Sat 10:51:59.276672 [1803 140452766849848][VERB] Node  TrojanProvider - ðŸ‡ºðŸ‡¸ US 2  has been added.
2023/04/22 Sat 10:51:59.276700 [1803 140452766849848][VERB] Node  TrojanProvider - ðŸ‡ºðŸ‡¸ US 3  has been added.
2023/04/22 Sat 10:51:59.276727 [1803 140452766849848][VERB] Node  TrojanProvider - ðŸ‡©ðŸ‡ª DE 4  has been added.
2023/04/22 Sat 10:51:59.276754 [1803 140452766849848][VERB] Node  TrojanProvider - ðŸ‡©ðŸ‡ª DE 5  has been added.
2023/04/22 Sat 10:51:59.276780 [1803 140452766849848][VERB] Node  TrojanProvider - ðŸ‡©ðŸ‡ª DE 6  has been added.
2023/04/22 Sat 10:51:59.276822 [1803 140452766849848][VERB] Node  TrojanProvider - ðŸ‡©ðŸ‡ª DE 7  has been added.
2023/04/22 Sat 10:51:59.276849 [1803 140452766849848][VERB] Node  TrojanProvider - ðŸ‡©ðŸ‡ª DE 8  has been added.
2023/04/22 Sat 10:51:59.276875 [1803 140452766849848][VERB] Node  TrojanProvider - ðŸ‡ºðŸ‡¸ US 9  has been added.
2023/04/22 Sat 10:51:59.276902 [1803 140452766849848][VERB] Node  TrojanProvider - ðŸ‡ºðŸ‡¸ US 10  has been added.
2023/04/22 Sat 10:51:59.276928 [1803 140452766849848][VERB] Node  TrojanProvider - ðŸ‡ºðŸ‡¸ US 11  has been added.
2023/04/22 Sat 10:51:59.276955 [1803 140452766849848][VERB] Node  TrojanProvider - ðŸ‡ºðŸ‡¸ US 12  has been added.
2023/04/22 Sat 10:51:59.276982 [1803 140452766849848][VERB] Node  TrojanProvider - ðŸ‡ºðŸ‡¸ US 13  has been added.
2023/04/22 Sat 10:51:59.277008 [1803 140452766849848][VERB] Node  TrojanProvider - ðŸ‡¬ðŸ‡§ GB 14  has been added.
2023/04/22 Sat 10:51:59.277035 [1803 140452766849848][VERB] Node  TrojanProvider - ðŸ‡¬ðŸ‡§ GB 15  has been added.
2023/04/22 Sat 10:51:59.277061 [1803 140452766849848][VERB] Node  TrojanProvider - ðŸ‡¬ðŸ‡§ GB 16  has been added.
2023/04/22 Sat 10:51:59.277088 [1803 140452766849848][VERB] Node  TrojanProvider - ðŸ‡¬ðŸ‡§ GB 17  has been added.
2023/04/22 Sat 10:51:59.277115 [1803 140452766849848][VERB] Node  TrojanProvider - ðŸ‡¬ðŸ‡§ GB 18  has been added.
2023/04/22 Sat 10:51:59.277141 [1803 140452766849848][VERB] Node  TrojanProvider - ðŸ‡¯ðŸ‡µ JP 19  has been added.
2023/04/22 Sat 10:51:59.277168 [1803 140452766849848][VERB] Node  TrojanProvider - ðŸ‡¯ðŸ‡µ JP 20  has been added.
2023/04/22 Sat 10:51:59.277195 [1803 140452766849848][VERB] Node  TrojanProvider - ðŸ‡¯ðŸ‡µ JP 21  has been added.
2023/04/22 Sat 10:51:59.277221 [1803 140452766849848][VERB] Node  TrojanProvider - ðŸ‡¯ðŸ‡µ JP 22  has been added.
2023/04/22 Sat 10:51:59.277248 [1803 140452766849848][VERB] Node  TrojanProvider - ðŸ‡¯ðŸ‡µ JP 23  has been added.
2023/04/22 Sat 10:51:59.277275 [1803 140452766849848][VERB] Node  TrojanProvider - ðŸ‡¦ðŸ‡ª AE 24  has been added.
2023/04/22 Sat 10:51:59.277298 [1803 140452766849848][VERB] Filter done.
2023/04/22 Sat 10:51:59.279836 [1803 140452766849848][INFO] Generate target: Standard Subscription
2023/04/22 Sat 10:51:59.279910 [1803 140452766849848][INFO] Generate completed.
2023/04/22 Sat 10:51:59.282548 [1803 140452766993208][DEBG] Accept connection from client 127.0.0.1:60730
2023/04/22 Sat 10:51:59.282587 [1803 140452766993208][VERB] handle_cmd:    GET handle_uri:    /sub?target=clash&url=%2Fhome%2Frunner%2Fwork%2F_111_%2F_111_%2Fsub%2Frx.yaml&insert=false&config=https://raw.githubusercontent.com/rxsweet/all/main/githubTools/clashConfig.ini&emoji=true
2023/04/22 Sat 10:51:59.282625 [1803 140452766993208][INFO] Reading preference settings...
2023/04/22 Sat 10:51:59.286318 [1803 140452766993208][VERB] Imported 0 item(s).
2023/04/22 Sat 10:51:59.286360 [1803 140452766993208][VERB] Trying to import items from snippets/emoji.toml
2023/04/22 Sat 10:51:59.294569 [1803 140452766993208][VERB] Imported 85 item(s).
2023/04/22 Sat 10:51:59.294696 [1803 140452766993208][VERB] Trying to import items from snippets/groups.toml
2023/04/22 Sat 10:51:59.296912 [1803 140452766993208][VERB] Imported 13 item(s).
2023/04/22 Sat 10:51:59.296976 [1803 140452766993208][VERB] Trying to import items from snippets/rulesets.toml
2023/04/22 Sat 10:51:59.299289 [1803 140452766993208][VERB] Imported 20 item(s).
2023/04/22 Sat 10:51:59.299370 [1803 140452766993208][VERB] Imported 0 item(s).
2023/04/22 Sat 10:51:59.299578 [1803 140452766993208][INFO] External configuration file provided. Loading...
2023/04/22 Sat 10:51:59.299708 [1803 140452766530360][VERB] CACHE NOT EXIST: 'https://raw.githubusercontent.com/rxsweet/all/main/githubTools/clashConfig.ini', creating new cache.
*   Trying 185.199.111.133:443...
* Connected to raw.githubusercontent.com (185.199.111.133) port 443 (#0)
* mbedTLS: Connecting to raw.githubusercontent.com:443
* mbedTLS: Set min SSL version to TLS 1.0
* mbedTLS: Handshake complete, cipher is TLS-ECDHE-RSA-WITH-CHACHA20-POLY1305-SHA256
* Dumping cert info: * cert. version     : 3
* serial number     : 04:4D:72:D7:7C:DD:A7:02:DD:5A:67:F2:A2:3B:BD:D9
* issuer name       : C=US, O=DigiCert Inc, CN=DigiCert TLS RSA SHA256 2020 CA1
* subject name      : C=US, ST=California, L=San Francisco, O=GitHub, Inc., CN=*.github.io
* issued  on        : 2023-02-21 00:00:00
* expires on        : 2024-03-20 23:59:59
* signed using      : RSA with SHA-256
* RSA key size      : 2048 bits
* basic constraints : CA=false
* subject alt name  : *.github.io, github.io, *.github.com, github.com, www.github.com, *.githubusercontent.com, githubusercontent.com
* key usage         : Digital Signature, Key Encipherment
* ext key usage     : TLS Web Server Authentication, TLS Web Client Authentication

* SSL connected
> GET /rxsweet/all/main/githubTools/clashConfig.ini HTTP/1.1
Host: raw.githubusercontent.com
User-Agent: subconverter/v0.7.2 cURL/7.83.0-DEV
Accept: */*
Content-Type: application/json;charset='utf-8'
SubConverter-Request: 1
SubConverter-Version: v0.7.2

* Mark bundle as not supporting multiuse
< HTTP/1.1 200 OK
< Connection: keep-alive
< Content-Length: 2669
< Cache-Control: max-age=300
< Content-Security-Policy: default-src 'none'; style-src 'unsafe-inline'; sandbox
< Content-Type: text/plain; charset=utf-8
< ETag: "7092caa9df25b42ec1ea664af976e43659e5a2cf59828a9abc73c9774f014d6b"
< Strict-Transport-Security: max-age=31536000
< X-Content-Type-Options: nosniff
< X-Frame-Options: deny
< X-XSS-Protection: 1; mode=block
< X-GitHub-Request-Id: E834:41D7:3141F2:3E8221:64434BCF
< Accept-Ranges: bytes
< Date: Sat, 22 Apr 2023 02:51:59 GMT
< Via: 1.1 varnish
< X-Served-By: cache-iad-kiad7000091-IAD
< X-Cache: MISS
< X-Cache-Hits: 0
< X-Timer: S1682131919.362256,VS0,VE63
< Vary: Authorization,Accept-Encoding,Origin
< Access-Control-Allow-Origin: *
< X-Fastly-Request-ID: 4ed2ee73e50ba3aff9e273633908ca3ea0f4592c
< Expires: Sat, 22 Apr 2023 02:56:59 GMT
< Source-Age: 0
< 
* Connection #0 to host raw.githubusercontent.com left intact
2023/04/22 Sat 10:51:59.431595 [1803 140452766993208][VERB] Imported 0 item(s).
2023/04/22 Sat 10:51:59.431657 [1803 140452766993208][VERB] Imported 0 item(s).
2023/04/22 Sat 10:51:59.431725 [1803 140452766993208][INFO] Adding rule 'FINAL,æ‰‹åŠ¨åˆ‡æ¢'.
2023/04/22 Sat 10:51:59.431816 [1803 140452766993208][VERB] Imported 0 item(s).
2023/04/22 Sat 10:51:59.431874 [1803 140452766993208][INFO] Fetching node data from url '/home/runner/work/_111_/_111_/sub/rx.yaml'.
2023/04/22 Sat 10:51:59.433342 [1803 140452766993208][VERB] Received Link.
2023/04/22 Sat 10:51:59.433389 [1803 140452766993208][VERB] Parsing configuration file data...
2023/04/22 Sat 10:51:59.436612 [1803 140452766993208][VERB] Node  TrojanProvider - ðŸ‡ºðŸ‡¸ US 1  has been added.
2023/04/22 Sat 10:51:59.436658 [1803 140452766993208][VERB] Node  TrojanProvider - ðŸ‡ºðŸ‡¸ US 2  has been added.
2023/04/22 Sat 10:51:59.436687 [1803 140452766993208][VERB] Node  TrojanProvider - ðŸ‡ºðŸ‡¸ US 3  has been added.
2023/04/22 Sat 10:51:59.436714 [1803 140452766993208][VERB] Node  TrojanProvider - ðŸ‡©ðŸ‡ª DE 4  has been added.
2023/04/22 Sat 10:51:59.436740 [1803 140452766993208][VERB] Node  TrojanProvider - ðŸ‡©ðŸ‡ª DE 5  has been added.
2023/04/22 Sat 10:51:59.436767 [1803 140452766993208][VERB] Node  TrojanProvider - ðŸ‡©ðŸ‡ª DE 6  has been added.
2023/04/22 Sat 10:51:59.436806 [1803 140452766993208][VERB] Node  TrojanProvider - ðŸ‡©ðŸ‡ª DE 7  has been added.
2023/04/22 Sat 10:51:59.436833 [1803 140452766993208][VERB] Node  TrojanProvider - ðŸ‡©ðŸ‡ª DE 8  has been added.
2023/04/22 Sat 10:51:59.436860 [1803 140452766993208][VERB] Node  TrojanProvider - ðŸ‡ºðŸ‡¸ US 9  has been added.
2023/04/22 Sat 10:51:59.436887 [1803 140452766993208][VERB] Node  TrojanProvider - ðŸ‡ºðŸ‡¸ US 10  has been added.
2023/04/22 Sat 10:51:59.436913 [1803 140452766993208][VERB] Node  TrojanProvider - ðŸ‡ºðŸ‡¸ US 11  has been added.
2023/04/22 Sat 10:51:59.436940 [1803 140452766993208][VERB] Node  TrojanProvider - ðŸ‡ºðŸ‡¸ US 12  has been added.
2023/04/22 Sat 10:51:59.436967 [1803 140452766993208][VERB] Node  TrojanProvider - ðŸ‡ºðŸ‡¸ US 13  has been added.
2023/04/22 Sat 10:51:59.436994 [1803 140452766993208][VERB] Node  TrojanProvider - ðŸ‡¬ðŸ‡§ GB 14  has been added.
2023/04/22 Sat 10:51:59.437021 [1803 140452766993208][VERB] Node  TrojanProvider - ðŸ‡¬ðŸ‡§ GB 15  has been added.
2023/04/22 Sat 10:51:59.437047 [1803 140452766993208][VERB] Node  TrojanProvider - ðŸ‡¬ðŸ‡§ GB 16  has been added.
2023/04/22 Sat 10:51:59.437074 [1803 140452766993208][VERB] Node  TrojanProvider - ðŸ‡¬ðŸ‡§ GB 17  has been added.
2023/04/22 Sat 10:51:59.437101 [1803 140452766993208][VERB] Node  TrojanProvider - ðŸ‡¬ðŸ‡§ GB 18  has been added.
2023/04/22 Sat 10:51:59.437127 [1803 140452766993208][VERB] Node  TrojanProvider - ðŸ‡¯ðŸ‡µ JP 19  has been added.
2023/04/22 Sat 10:51:59.437154 [1803 140452766993208][VERB] Node  TrojanProvider - ðŸ‡¯ðŸ‡µ JP 20  has been added.
2023/04/22 Sat 10:51:59.437180 [1803 140452766993208][VERB] Node  TrojanProvider - ðŸ‡¯ðŸ‡µ JP 21  has been added.
2023/04/22 Sat 10:51:59.437207 [1803 140452766993208][VERB] Node  TrojanProvider - ðŸ‡¯ðŸ‡µ JP 22  has been added.
2023/04/22 Sat 10:51:59.437233 [1803 140452766993208][VERB] Node  TrojanProvider - ðŸ‡¯ðŸ‡µ JP 23  has been added.
2023/04/22 Sat 10:51:59.437260 [1803 140452766993208][VERB] Node  TrojanProvider - ðŸ‡¦ðŸ‡ª AE 24  has been added.
2023/04/22 Sat 10:51:59.437283 [1803 140452766993208][VERB] Filter done.
2023/04/22 Sat 10:51:59.439806 [1803 140452766993208][INFO] Generate target: Clash
2023/04/22 Sat 10:51:59.444634 [1803 140452766993208][INFO] Generate completed.
